nohup: ignoring input
2017-05-09 18:59:00.359+0000 INFO  ======== Neo4j 3.1.4 ========
2017-05-09 18:59:00.683+0000 INFO  Starting...
2017-05-09 18:59:01.548+0000 INFO  Bolt enabled on localhost:7687.
2017-05-09 18:59:08.174+0000 INFO  Started.
2017-05-09 18:59:11.437+0000 INFO  Remote interface available at http://localhost:7474/
2017-05-09 19:44:10.527+0000 INFO  Neo4j Server shutdown initiated by request
2017-05-09 19:44:10.547+0000 INFO  Stopping...
2017-05-09 19:44:11.215+0000 INFO  Stopped.
nohup: ignoring input
2017-05-09 19:49:33.562+0000 INFO  ======== Neo4j 3.1.4 ========
2017-05-09 19:49:33.882+0000 INFO  Starting...
2017-05-09 19:49:34.619+0000 INFO  Bolt enabled on localhost:7687.
2017-05-09 19:49:39.427+0000 INFO  Started.
2017-05-09 19:49:40.855+0000 INFO  Remote interface available at http://localhost:7474/
2017-05-09 19:50:25.382+0000 ERROR Client triggered an unexpected error [LabelAccessFailed]: Label retrieved through kernel API should exist.. See debug.log for more details, reference 0ff29567-8778-4786-a8e5-73a9f55faa64.
2017-05-09 19:52:00.612+0000 INFO  Neo4j Server shutdown initiated by request
2017-05-09 19:52:00.621+0000 INFO  Stopping...
2017-05-09 19:52:11.300+0000 INFO  Stopped.
nohup: ignoring input
2017-05-09 19:52:26.097+0000 INFO  ======== Neo4j 3.1.4 ========
2017-05-09 19:52:26.353+0000 INFO  Starting...
2017-05-09 19:52:26.994+0000 INFO  Bolt enabled on localhost:7687.
2017-05-09 19:52:29.264+0000 ERROR Failed to start Neo4j: Starting Neo4j failed: Failed to transition component 'org.neo4j.kernel.impl.pagecache.PageCacheLifecycle@6b0b195a' from STOPPED to SHUTTING_DOWN. Please see attached cause exception Starting Neo4j failed: Failed to transition component 'org.neo4j.kernel.impl.pagecache.PageCacheLifecycle@6b0b195a' from STOPPED to SHUTTING_DOWN. Please see attached cause exception
org.neo4j.server.ServerStartupException: Starting Neo4j failed: Failed to transition component 'org.neo4j.kernel.impl.pagecache.PageCacheLifecycle@6b0b195a' from STOPPED to SHUTTING_DOWN. Please see attached cause exception
	at org.neo4j.server.exception.ServerStartupErrors.translateToServerStartupError(ServerStartupErrors.java:68)
	at org.neo4j.server.AbstractNeoServer.start(AbstractNeoServer.java:230)
	at org.neo4j.server.ServerBootstrapper.start(ServerBootstrapper.java:91)
	at org.neo4j.server.ServerBootstrapper.start(ServerBootstrapper.java:68)
	at org.neo4j.server.CommunityEntryPoint.main(CommunityEntryPoint.java:28)
Caused by: org.neo4j.kernel.lifecycle.LifecycleException: Failed to transition component 'org.neo4j.kernel.impl.pagecache.PageCacheLifecycle@6b0b195a' from STOPPED to SHUTTING_DOWN. Please see attached cause exception
	at org.neo4j.kernel.lifecycle.LifeSupport$LifecycleInstance.shutdown(LifeSupport.java:496)
	at org.neo4j.kernel.lifecycle.LifeSupport.shutdown(LifeSupport.java:206)
	at org.neo4j.kernel.impl.factory.ClassicCoreSPI.shutdown(ClassicCoreSPI.java:158)
	at org.neo4j.kernel.impl.factory.GraphDatabaseFacade.shutdown(GraphDatabaseFacade.java:365)
	at org.neo4j.kernel.impl.factory.GraphDatabaseFacadeFactory.initFacade(GraphDatabaseFacadeFactory.java:208)
	at org.neo4j.kernel.impl.factory.GraphDatabaseFacadeFactory.newFacade(GraphDatabaseFacadeFactory.java:130)
	at org.neo4j.server.CommunityNeoServer.lambda$static$0(CommunityNeoServer.java:57)
	at org.neo4j.server.database.LifecycleManagingDatabase.start(LifecycleManagingDatabase.java:89)
	at org.neo4j.kernel.lifecycle.LifeSupport$LifecycleInstance.start(LifeSupport.java:433)
	at org.neo4j.kernel.lifecycle.LifeSupport.start(LifeSupport.java:107)
	at org.neo4j.server.AbstractNeoServer.start(AbstractNeoServer.java:202)
	... 3 more
	Suppressed: java.lang.RuntimeException: Error starting org.neo4j.kernel.impl.factory.GraphDatabaseFacadeFactory, /mnt/Personal/Database Home/neo4j-home/data/databases/graph.db
		at org.neo4j.kernel.impl.factory.GraphDatabaseFacadeFactory.initFacade(GraphDatabaseFacadeFactory.java:199)
		... 9 more
	Caused by: org.neo4j.kernel.lifecycle.LifecycleException: Component 'org.neo4j.kernel.NeoStoreDataSource@3254332a' was successfully initialized, but failed to start. Please see attached cause exception.
		at org.neo4j.kernel.lifecycle.LifeSupport$LifecycleInstance.start(LifeSupport.java:443)
		at org.neo4j.kernel.lifecycle.LifeSupport.start(LifeSupport.java:107)
		at org.neo4j.kernel.impl.transaction.state.DataSourceManager.start(DataSourceManager.java:100)
		at org.neo4j.kernel.lifecycle.LifeSupport$LifecycleInstance.start(LifeSupport.java:433)
		at org.neo4j.kernel.lifecycle.LifeSupport.start(LifeSupport.java:107)
		at org.neo4j.kernel.impl.factory.GraphDatabaseFacadeFactory.initFacade(GraphDatabaseFacadeFactory.java:195)
		... 9 more
	Caused by: java.lang.IllegalStateException: Can't create IdGeneratorFile[/mnt/Personal/Database Home/neo4j-home/data/databases/graph.db/neostore.schemastore.db.id], file already exists
		at org.neo4j.kernel.impl.store.id.IdGeneratorImpl.createGenerator(IdGeneratorImpl.java:356)
		at org.neo4j.kernel.impl.store.id.DefaultIdGeneratorFactory.create(DefaultIdGeneratorFactory.java:79)
		at org.neo4j.kernel.impl.store.id.BufferingIdGeneratorFactory.create(BufferingIdGeneratorFactory.java:110)
		at org.neo4j.kernel.impl.store.CommonAbstractStore.initialiseNewStoreFile(CommonAbstractStore.java:228)
		at org.neo4j.kernel.impl.store.CommonAbstractStore.checkStorage(CommonAbstractStore.java:183)
		at org.neo4j.kernel.impl.store.CommonAbstractStore.initialise(CommonAbstractStore.java:133)
		at org.neo4j.kernel.impl.store.NeoStores.initialize(NeoStores.java:257)
		at org.neo4j.kernel.impl.store.NeoStores.createSchemaStore(NeoStores.java:603)
		at org.neo4j.kernel.impl.store.StoreType$13.open(StoreType.java:139)
		at org.neo4j.kernel.impl.store.StoreType$13.open(StoreType.java:134)
		at org.neo4j.kernel.impl.store.NeoStores.openStore(NeoStores.java:250)
		at org.neo4j.kernel.impl.store.NeoStores.getOrCreateStore(NeoStores.java:295)
		at org.neo4j.kernel.impl.store.NeoStores.<init>(NeoStores.java:143)
		at org.neo4j.kernel.impl.store.StoreFactory.openNeoStores(StoreFactory.java:169)
		at org.neo4j.kernel.impl.store.StoreFactory.openAllNeoStores(StoreFactory.java:133)
		at org.neo4j.kernel.impl.storageengine.impl.recordstorage.RecordStorageEngine.<init>(RecordStorageEngine.java:214)
		at org.neo4j.kernel.NeoStoreDataSource.buildStorageEngine(NeoStoreDataSource.java:593)
		at org.neo4j.kernel.NeoStoreDataSource.start(NeoStoreDataSource.java:452)
		at org.neo4j.kernel.lifecycle.LifeSupport$LifecycleInstance.start(LifeSupport.java:433)
		... 14 more
Caused by: java.lang.IllegalStateException: Cannot close the PageCache while files are still mapped:
	/mnt/Personal/Database Home/neo4j-home/data/databases/graph.db/neostore.labeltokenstore.db (1 mapping)
	/mnt/Personal/Database Home/neo4j-home/data/databases/graph.db/neostore.labeltokenstore.db.names (1 mapping)
	/mnt/Personal/Database Home/neo4j-home/data/databases/graph.db/neostore.relationshiptypestore.db (1 mapping)
	/mnt/Personal/Database Home/neo4j-home/data/databases/graph.db/neostore.relationshiptypestore.db.names (1 mapping)
	/mnt/Personal/Database Home/neo4j-home/data/databases/graph.db/neostore.relationshipstore.db (1 mapping)
	/mnt/Personal/Database Home/neo4j-home/data/databases/graph.db/neostore.propertystore.db (1 mapping)
	/mnt/Personal/Database Home/neo4j-home/data/databases/graph.db/neostore.propertystore.db.arrays (1 mapping)
	/mnt/Personal/Database Home/neo4j-home/data/databases/graph.db/neostore.propertystore.db.strings (1 mapping)
	/mnt/Personal/Database Home/neo4j-home/data/databases/graph.db/neostore.propertystore.db.index (1 mapping)
	/mnt/Personal/Database Home/neo4j-home/data/databases/graph.db/neostore.propertystore.db.index.keys (1 mapping)
	/mnt/Personal/Database Home/neo4j-home/data/databases/graph.db/neostore.nodestore.db (1 mapping)
	/mnt/Personal/Database Home/neo4j-home/data/databases/graph.db/neostore.nodestore.db.labels (1 mapping)
	at org.neo4j.io.pagecache.impl.muninn.MuninnPageCache.close(MuninnPageCache.java:616)
	at org.neo4j.kernel.impl.pagecache.PageCacheLifecycle.shutdown(PageCacheLifecycle.java:42)
	at org.neo4j.kernel.lifecycle.LifeSupport$LifecycleInstance.shutdown(LifeSupport.java:488)
	... 13 more
nohup: ignoring input
2017-05-09 19:59:23.106+0000 INFO  ======== Neo4j 3.1.4 ========
2017-05-09 19:59:23.412+0000 INFO  Starting...
2017-05-09 19:59:24.064+0000 INFO  Bolt enabled on localhost:7687.
2017-05-09 19:59:24.513+0000 INFO  Starting upgrade of database
2017-05-09 19:59:24.562+0000 INFO  Migrating Indexes (1/3):
2017-05-09 19:59:24.568+0000 INFO    10% completed
2017-05-09 19:59:24.568+0000 INFO    20% completed
2017-05-09 19:59:24.569+0000 INFO    30% completed
2017-05-09 19:59:24.569+0000 INFO    40% completed
2017-05-09 19:59:24.569+0000 INFO    50% completed
2017-05-09 19:59:24.570+0000 INFO    60% completed
2017-05-09 19:59:24.570+0000 INFO    70% completed
2017-05-09 19:59:24.570+0000 INFO    80% completed
2017-05-09 19:59:24.571+0000 INFO    90% completed
2017-05-09 19:59:24.571+0000 INFO    100% completed
2017-05-09 19:59:24.571+0000 INFO  Migrating Legacy indexes (2/3):
2017-05-09 19:59:24.624+0000 INFO    10% completed
2017-05-09 19:59:24.625+0000 INFO    20% completed
2017-05-09 19:59:24.625+0000 INFO    30% completed
2017-05-09 19:59:24.625+0000 INFO    40% completed
2017-05-09 19:59:24.626+0000 INFO    50% completed
2017-05-09 19:59:24.626+0000 INFO    60% completed
2017-05-09 19:59:24.626+0000 INFO    70% completed
2017-05-09 19:59:24.626+0000 INFO    80% completed
2017-05-09 19:59:24.627+0000 INFO    90% completed
2017-05-09 19:59:24.627+0000 INFO    100% completed
2017-05-09 19:59:24.627+0000 INFO  Migrating Store files (3/3):
2017-05-09 19:59:27.544+0000 INFO    10% completed
2017-05-09 19:59:27.545+0000 INFO    20% completed
2017-05-09 19:59:27.546+0000 INFO    30% completed
2017-05-09 19:59:27.546+0000 INFO    40% completed
2017-05-09 19:59:27.546+0000 INFO    50% completed
2017-05-09 19:59:27.547+0000 INFO    60% completed
2017-05-09 19:59:27.547+0000 INFO    70% completed
2017-05-09 19:59:27.548+0000 INFO    80% completed
2017-05-09 19:59:27.548+0000 INFO    90% completed
2017-05-09 19:59:27.548+0000 INFO    100% completed
2017-05-09 19:59:29.614+0000 INFO  Successfully finished upgrade of database
2017-05-09 19:59:37.697+0000 INFO  Started.
2017-05-09 19:59:38.899+0000 INFO  Remote interface available at http://localhost:7474/
2017-05-09 21:21:19.736+0000 INFO  Neo4j Server shutdown initiated by request
2017-05-09 21:21:20.201+0000 INFO  Stopping...
2017-05-09 21:21:22.177+0000 INFO  Stopped.
nohup: ignoring input
2017-05-13 03:23:39.595+0000 INFO  ======== Neo4j 3.1.4 ========
2017-05-13 03:23:40.033+0000 INFO  Starting...
2017-05-13 03:23:41.328+0000 INFO  Bolt enabled on localhost:7687.
2017-05-13 03:23:48.728+0000 INFO  Started.
2017-05-13 03:23:51.407+0000 INFO  Remote interface available at http://localhost:7474/
2017-05-13 05:39:46.111+0000 INFO  Neo4j Server shutdown initiated by request
2017-05-13 05:39:46.377+0000 INFO  Stopping...
2017-05-13 05:39:48.526+0000 INFO  Stopped.
nohup: ignoring input
2017-07-07 23:49:03.719+0000 INFO  ======== Neo4j 3.1.4 ========
2017-07-07 23:49:04.086+0000 INFO  Starting...
2017-07-07 23:49:04.997+0000 INFO  Bolt enabled on localhost:7687.
2017-07-07 23:49:14.031+0000 INFO  Started.
2017-07-07 23:49:17.188+0000 INFO  Remote interface available at http://localhost:7474/
2017-07-07 17:51:55.540+0000 INFO  Neo4j Server shutdown initiated by request
2017-07-07 17:51:55.619+0000 INFO  Stopping...
2017-07-07 17:51:57.160+0000 INFO  Stopped.
nohup: ignoring input
2017-07-07 18:06:11.850+0000 INFO  ======== Neo4j 3.1.4 ========
2017-07-07 18:06:12.716+0000 INFO  Starting...
2017-07-07 18:06:15.018+0000 INFO  Bolt enabled on localhost:7687.
2017-07-07 18:06:34.885+0000 INFO  Started.
2017-07-07 18:06:42.424+0000 INFO  Remote interface available at http://localhost:7474/
2017-07-07 18:10:31.510+0000 INFO  Neo4j Server shutdown initiated by request
2017-07-07 18:10:31.659+0000 INFO  Stopping...
2017-07-07 18:10:43.000+0000 INFO  Stopped.
nohup: ignoring input
2017-07-12 08:30:58.426+0000 INFO  ======== Neo4j 3.1.4 ========
2017-07-12 08:30:58.844+0000 INFO  Starting...
2017-07-12 08:31:00.092+0000 INFO  Bolt enabled on localhost:7687.
2017-07-12 08:31:07.996+0000 INFO  Started.
2017-07-12 08:31:10.216+0000 INFO  Remote interface available at http://localhost:7474/
2017-07-12 08:35:27.431+0000 INFO  Neo4j Server shutdown initiated by request
2017-07-12 08:35:27.462+0000 INFO  Stopping...
2017-07-12 08:35:28.654+0000 INFO  Stopped.
